<?xml version="1.0" encoding="UTF-8"?>
<coverage generated="1619669271163" clover="3.2.0">
  <project timestamp="1619669271163" name="All files">
    <metrics statements="116" coveredstatements="109" conditionals="107" coveredconditionals="81" methods="21" coveredmethods="20" elements="244" coveredelements="210" complexity="0" loc="116" ncloc="116" packages="1" files="3" classes="3"/>
    <file name="index.js" path="D:\wz\web-road\fire-leaf-one\axhr\src\index.js">
      <metrics statements="86" coveredstatements="80" conditionals="89" coveredconditionals="66" methods="11" coveredmethods="10"/>
      <line num="36" count="1" type="stmt"/>
      <line num="37" count="1" type="stmt"/>
      <line num="38" count="1" type="stmt"/>
      <line num="41" count="1" type="stmt"/>
      <line num="42" count="8" type="cond" truecount="2" falsecount="0"/>
      <line num="43" count="6" type="stmt"/>
      <line num="44" count="2" type="cond" truecount="1" falsecount="1"/>
      <line num="45" count="2" type="stmt"/>
      <line num="46" count="2" type="stmt"/>
      <line num="50" count="8" type="cond" truecount="4" falsecount="0"/>
      <line num="51" count="2" type="stmt"/>
      <line num="52" count="2" type="stmt"/>
      <line num="53" count="2" type="stmt"/>
      <line num="54" count="2" type="cond" truecount="1" falsecount="1"/>
      <line num="55" count="2" type="stmt"/>
      <line num="59" count="8" type="stmt"/>
      <line num="61" count="0" type="stmt"/>
      <line num="65" count="1" type="stmt"/>
      <line num="66" count="5" type="stmt"/>
      <line num="67" count="5" type="cond" truecount="2" falsecount="0"/>
      <line num="68" count="1" type="stmt"/>
      <line num="70" count="5" type="stmt"/>
      <line num="72" count="3" type="stmt"/>
      <line num="73" count="3" type="cond" truecount="3" falsecount="1"/>
      <line num="74" count="0" type="stmt"/>
      <line num="77" count="3" type="stmt"/>
      <line num="102" count="1" type="stmt"/>
      <line num="103" count="1" type="cond" truecount="1" falsecount="1"/>
      <line num="104" count="0" type="stmt"/>
      <line num="106" count="1" type="stmt"/>
      <line num="107" count="1" type="stmt"/>
      <line num="112" count="9" type="cond" truecount="2" falsecount="0"/>
      <line num="113" count="1" type="cond" truecount="1" falsecount="1"/>
      <line num="114" count="0" type="stmt"/>
      <line num="116" count="1" type="stmt"/>
      <line num="119" count="8" type="stmt"/>
      <line num="126" count="8" type="cond" truecount="2" falsecount="0"/>
      <line num="129" count="8" type="cond" truecount="3" falsecount="1"/>
      <line num="131" count="8" type="cond" truecount="2" falsecount="0"/>
      <line num="132" count="2" type="stmt"/>
      <line num="135" count="8" type="cond" truecount="2" falsecount="0"/>
      <line num="136" count="6" type="cond" truecount="2" falsecount="0"/>
      <line num="137" count="2" type="cond" truecount="2" falsecount="0"/>
      <line num="138" count="1" type="cond" truecount="1" falsecount="1"/>
      <line num="139" count="0" type="stmt"/>
      <line num="141" count="1" type="stmt"/>
      <line num="142" count="1" type="stmt"/>
      <line num="143" count="1" type="stmt"/>
      <line num="145" count="1" type="stmt"/>
      <line num="156" count="8" type="cond" truecount="3" falsecount="1"/>
      <line num="157" count="8" type="cond" truecount="2" falsecount="0"/>
      <line num="158" count="1" type="stmt"/>
      <line num="159" count="1" type="stmt"/>
      <line num="162" count="7" type="stmt"/>
      <line num="167" count="8" type="cond" truecount="4" falsecount="0"/>
      <line num="168" count="3" type="cond" truecount="2" falsecount="0"/>
      <line num="169" count="1" type="cond" truecount="1" falsecount="1"/>
      <line num="171" count="2" type="cond" truecount="1" falsecount="1"/>
      <line num="173" count="5" type="cond" truecount="1" falsecount="1"/>
      <line num="174" count="5" type="cond" truecount="1" falsecount="1"/>
      <line num="176" count="0" type="cond" truecount="0" falsecount="2"/>
      <line num="189" count="8" type="cond" truecount="2" falsecount="0"/>
      <line num="190" count="6" type="stmt"/>
      <line num="191" count="6" type="stmt"/>
      <line num="192" count="6" type="stmt"/>
      <line num="202" count="2" type="cond" truecount="3" falsecount="0"/>
      <line num="203" count="2" type="stmt"/>
      <line num="209" count="8" type="cond" truecount="1" falsecount="1"/>
      <line num="210" count="8" type="stmt"/>
      <line num="213" count="8" type="cond" truecount="1" falsecount="1"/>
      <line num="214" count="8" type="cond" truecount="1" falsecount="1"/>
      <line num="218" count="8" type="stmt"/>
      <line num="230" count="5" type="cond" truecount="1" falsecount="1"/>
      <line num="231" count="5" type="stmt"/>
      <line num="232" count="5" type="cond" truecount="2" falsecount="0"/>
      <line num="233" count="4" type="cond" truecount="1" falsecount="1"/>
      <line num="235" count="1" type="stmt"/>
      <line num="237" count="1" type="cond" truecount="1" falsecount="1"/>
      <line num="240" count="5" type="cond" truecount="1" falsecount="1"/>
      <line num="241" count="5" type="stmt"/>
      <line num="244" count="5" type="stmt"/>
      <line num="257" count="3" type="cond" truecount="2" falsecount="0"/>
      <line num="258" count="3" type="cond" truecount="1" falsecount="1"/>
      <line num="259" count="3" type="cond" truecount="1" falsecount="1"/>
      <line num="260" count="3" type="stmt"/>
      <line num="262" count="3" type="stmt"/>
    </file>
    <file name="repeat.js" path="D:\wz\web-road\fire-leaf-one\axhr\src\repeat.js">
      <metrics statements="17" coveredstatements="16" conditionals="12" coveredconditionals="9" methods="6" coveredmethods="6"/>
      <line num="17" count="1" type="stmt"/>
      <line num="20" count="5" type="cond" truecount="2" falsecount="0"/>
      <line num="23" count="2" type="cond" truecount="1" falsecount="1"/>
      <line num="24" count="2" type="stmt"/>
      <line num="28" count="2" type="cond" truecount="1" falsecount="1"/>
      <line num="29" count="2" type="stmt"/>
      <line num="33" count="2" type="cond" truecount="1" falsecount="1"/>
      <line num="34" count="2" type="stmt"/>
      <line num="38" count="5" type="stmt"/>
      <line num="39" count="5" type="stmt"/>
      <line num="40" count="5" type="stmt"/>
      <line num="44" count="0" type="stmt"/>
      <line num="48" count="3" type="stmt"/>
      <line num="49" count="3" type="cond" truecount="2" falsecount="0"/>
      <line num="50" count="2" type="stmt"/>
      <line num="51" count="2" type="stmt"/>
      <line num="52" count="2" type="cond" truecount="2" falsecount="0"/>
    </file>
    <file name="utils.js" path="D:\wz\web-road\fire-leaf-one\axhr\src\utils.js">
      <metrics statements="13" coveredstatements="13" conditionals="6" coveredconditionals="6" methods="4" coveredmethods="4"/>
      <line num="35" count="25" type="stmt"/>
      <line num="36" count="9" type="stmt"/>
      <line num="38" count="2" type="stmt"/>
      <line num="41" count="9" type="stmt"/>
      <line num="42" count="9" type="cond" truecount="2" falsecount="0"/>
      <line num="43" count="8" type="stmt"/>
      <line num="44" count="8" type="stmt"/>
      <line num="45" count="8" type="stmt"/>
      <line num="46" count="8" type="cond" truecount="4" falsecount="0"/>
      <line num="47" count="2" type="stmt"/>
      <line num="49" count="8" type="stmt"/>
      <line num="52" count="1" type="stmt"/>
      <line num="54" count="8" type="stmt"/>
    </file>
  </project>
</coverage>
