{"D:\\wz\\fire-leaf-one\\axhr\\src\\index.js": {"path":"D:\\wz\\fire-leaf-one\\axhr\\src\\index.js","statementMap":{"0":{"start":{"line":35,"column":15},"end":{"line":35,"column":20}},"1":{"start":{"line":36,"column":0},"end":{"line":36,"column":51}},"2":{"start":{"line":39,"column":0},"end":{"line":46,"column":3}},"3":{"start":{"line":40,"column":2},"end":{"line":42,"column":3}},"4":{"start":{"line":41,"column":4},"end":{"line":41,"column":51}},"5":{"start":{"line":43,"column":2},"end":{"line":43,"column":16}},"6":{"start":{"line":45,"column":2},"end":{"line":45,"column":29}},"7":{"start":{"line":49,"column":0},"end":{"line":53,"column":3}},"8":{"start":{"line":50,"column":2},"end":{"line":50,"column":18}},"9":{"start":{"line":52,"column":2},"end":{"line":52,"column":29}},"10":{"start":{"line":74,"column":0},"end":{"line":77,"column":2}},"11":{"start":{"line":75,"column":2},"end":{"line":75,"column":48}},"12":{"start":{"line":76,"column":2},"end":{"line":76,"column":52}},"13":{"start":{"line":80,"column":2},"end":{"line":80,"column":101}},"14":{"start":{"line":80,"column":16},"end":{"line":80,"column":101}},"15":{"start":{"line":82,"column":15},"end":{"line":88,"column":3}},"16":{"start":{"line":89,"column":15},"end":{"line":89,"column":33}},"17":{"start":{"line":92,"column":2},"end":{"line":92,"column":76}},"18":{"start":{"line":94,"column":2},"end":{"line":96,"column":3}},"19":{"start":{"line":95,"column":4},"end":{"line":95,"column":72}},"20":{"start":{"line":98,"column":2},"end":{"line":110,"column":3}},"21":{"start":{"line":99,"column":4},"end":{"line":99,"column":35}},"22":{"start":{"line":100,"column":9},"end":{"line":110,"column":3}},"23":{"start":{"line":101,"column":4},"end":{"line":109,"column":5}},"24":{"start":{"line":102,"column":6},"end":{"line":102,"column":28}},"25":{"start":{"line":104,"column":23},"end":{"line":104,"column":37}},"26":{"start":{"line":105,"column":6},"end":{"line":107,"column":9}},"27":{"start":{"line":106,"column":8},"end":{"line":106,"column":48}},"28":{"start":{"line":108,"column":6},"end":{"line":108,"column":24}},"29":{"start":{"line":119,"column":2},"end":{"line":127,"column":3}},"30":{"start":{"line":120,"column":4},"end":{"line":126,"column":5}},"31":{"start":{"line":121,"column":6},"end":{"line":123,"column":9}},"32":{"start":{"line":122,"column":8},"end":{"line":122,"column":46}},"33":{"start":{"line":125,"column":6},"end":{"line":125,"column":61}},"34":{"start":{"line":130,"column":2},"end":{"line":140,"column":3}},"35":{"start":{"line":131,"column":4},"end":{"line":135,"column":5}},"36":{"start":{"line":132,"column":6},"end":{"line":132,"column":42}},"37":{"start":{"line":134,"column":6},"end":{"line":134,"column":33}},"38":{"start":{"line":136,"column":9},"end":{"line":140,"column":3}},"39":{"start":{"line":137,"column":4},"end":{"line":137,"column":33}},"40":{"start":{"line":139,"column":4},"end":{"line":139,"column":31}},"41":{"start":{"line":152,"column":2},"end":{"line":168,"column":3}},"42":{"start":{"line":153,"column":27},"end":{"line":153,"column":46}},"43":{"start":{"line":155,"column":4},"end":{"line":155,"column":29}},"44":{"start":{"line":156,"column":4},"end":{"line":156,"column":21}},"45":{"start":{"line":166,"column":4},"end":{"line":166,"column":58}},"46":{"start":{"line":167,"column":4},"end":{"line":167,"column":29}},"47":{"start":{"line":170,"column":21},"end":{"line":170,"column":44}},"48":{"start":{"line":171,"column":19},"end":{"line":171,"column":40}},"49":{"start":{"line":173,"column":2},"end":{"line":208,"column":5}},"50":{"start":{"line":185,"column":22},"end":{"line":185,"column":79}},"51":{"start":{"line":187,"column":4},"end":{"line":193,"column":5}},"52":{"start":{"line":188,"column":6},"end":{"line":188,"column":78}},"53":{"start":{"line":190,"column":18},"end":{"line":190,"column":33}},"54":{"start":{"line":192,"column":6},"end":{"line":192,"column":54}},"55":{"start":{"line":206,"column":4},"end":{"line":206,"column":32}},"56":{"start":{"line":207,"column":4},"end":{"line":207,"column":42}}},"fnMap":{"0":{"name":"(anonymous_0)","decl":{"start":{"line":39,"column":32},"end":{"line":39,"column":33}},"loc":{"start":{"line":39,"column":50},"end":{"line":44,"column":1}},"line":39},"1":{"name":"(anonymous_1)","decl":{"start":{"line":44,"column":3},"end":{"line":44,"column":4}},"loc":{"start":{"line":44,"column":18},"end":{"line":46,"column":1}},"line":44},"2":{"name":"(anonymous_2)","decl":{"start":{"line":49,"column":33},"end":{"line":49,"column":34}},"loc":{"start":{"line":49,"column":53},"end":{"line":51,"column":1}},"line":49},"3":{"name":"(anonymous_3)","decl":{"start":{"line":51,"column":3},"end":{"line":51,"column":4}},"loc":{"start":{"line":51,"column":18},"end":{"line":53,"column":1}},"line":51},"4":{"name":"(anonymous_4)","decl":{"start":{"line":74,"column":16},"end":{"line":74,"column":17}},"loc":{"start":{"line":74,"column":22},"end":{"line":77,"column":1}},"line":74},"5":{"name":"xhr","decl":{"start":{"line":79,"column":24},"end":{"line":79,"column":27}},"loc":{"start":{"line":79,"column":38},"end":{"line":209,"column":1}},"line":79},"6":{"name":"(anonymous_6)","decl":{"start":{"line":105,"column":36},"end":{"line":105,"column":37}},"loc":{"start":{"line":105,"column":43},"end":{"line":107,"column":7}},"line":105},"7":{"name":"(anonymous_7)","decl":{"start":{"line":121,"column":36},"end":{"line":121,"column":37}},"loc":{"start":{"line":121,"column":43},"end":{"line":123,"column":7}},"line":121},"8":{"name":"(anonymous_8)","decl":{"start":{"line":173,"column":29},"end":{"line":173,"column":30}},"loc":{"start":{"line":173,"column":41},"end":{"line":194,"column":3}},"line":173},"9":{"name":"(anonymous_9)","decl":{"start":{"line":194,"column":11},"end":{"line":194,"column":12}},"loc":{"start":{"line":194,"column":18},"end":{"line":208,"column":3}},"line":194}},"branchMap":{"0":{"loc":{"start":{"line":40,"column":2},"end":{"line":42,"column":3}},"type":"if","locations":[{"start":{"line":40,"column":2},"end":{"line":42,"column":3}},{"start":{"line":40,"column":2},"end":{"line":42,"column":3}}],"line":40},"1":{"loc":{"start":{"line":80,"column":2},"end":{"line":80,"column":101}},"type":"if","locations":[{"start":{"line":80,"column":2},"end":{"line":80,"column":101}},{"start":{"line":80,"column":2},"end":{"line":80,"column":101}}],"line":80},"2":{"loc":{"start":{"line":83,"column":13},"end":{"line":83,"column":34}},"type":"binary-expr","locations":[{"start":{"line":83,"column":13},"end":{"line":83,"column":25}},{"start":{"line":83,"column":29},"end":{"line":83,"column":34}}],"line":83},"3":{"loc":{"start":{"line":89,"column":15},"end":{"line":89,"column":33}},"type":"binary-expr","locations":[{"start":{"line":89,"column":15},"end":{"line":89,"column":27}},{"start":{"line":89,"column":31},"end":{"line":89,"column":33}}],"line":89},"4":{"loc":{"start":{"line":92,"column":29},"end":{"line":92,"column":52}},"type":"binary-expr","locations":[{"start":{"line":92,"column":29},"end":{"line":92,"column":46}},{"start":{"line":92,"column":50},"end":{"line":92,"column":52}}],"line":92},"5":{"loc":{"start":{"line":92,"column":54},"end":{"line":92,"column":74}},"type":"binary-expr","locations":[{"start":{"line":92,"column":54},"end":{"line":92,"column":68}},{"start":{"line":92,"column":72},"end":{"line":92,"column":74}}],"line":92},"6":{"loc":{"start":{"line":94,"column":2},"end":{"line":96,"column":3}},"type":"if","locations":[{"start":{"line":94,"column":2},"end":{"line":96,"column":3}},{"start":{"line":94,"column":2},"end":{"line":96,"column":3}}],"line":94},"7":{"loc":{"start":{"line":98,"column":2},"end":{"line":110,"column":3}},"type":"if","locations":[{"start":{"line":98,"column":2},"end":{"line":110,"column":3}},{"start":{"line":98,"column":2},"end":{"line":110,"column":3}}],"line":98},"8":{"loc":{"start":{"line":99,"column":13},"end":{"line":99,"column":34}},"type":"binary-expr","locations":[{"start":{"line":99,"column":13},"end":{"line":99,"column":28}},{"start":{"line":99,"column":32},"end":{"line":99,"column":34}}],"line":99},"9":{"loc":{"start":{"line":100,"column":9},"end":{"line":110,"column":3}},"type":"if","locations":[{"start":{"line":100,"column":9},"end":{"line":110,"column":3}},{"start":{"line":100,"column":9},"end":{"line":110,"column":3}}],"line":100},"10":{"loc":{"start":{"line":101,"column":4},"end":{"line":109,"column":5}},"type":"if","locations":[{"start":{"line":101,"column":4},"end":{"line":109,"column":5}},{"start":{"line":101,"column":4},"end":{"line":109,"column":5}}],"line":101},"11":{"loc":{"start":{"line":119,"column":2},"end":{"line":127,"column":3}},"type":"if","locations":[{"start":{"line":119,"column":2},"end":{"line":127,"column":3}},{"start":{"line":119,"column":2},"end":{"line":127,"column":3}}],"line":119},"12":{"loc":{"start":{"line":119,"column":6},"end":{"line":119,"column":44}},"type":"binary-expr","locations":[{"start":{"line":119,"column":6},"end":{"line":119,"column":18}},{"start":{"line":119,"column":22},"end":{"line":119,"column":44}}],"line":119},"13":{"loc":{"start":{"line":120,"column":4},"end":{"line":126,"column":5}},"type":"if","locations":[{"start":{"line":120,"column":4},"end":{"line":126,"column":5}},{"start":{"line":120,"column":4},"end":{"line":126,"column":5}}],"line":120},"14":{"loc":{"start":{"line":130,"column":2},"end":{"line":140,"column":3}},"type":"if","locations":[{"start":{"line":130,"column":2},"end":{"line":140,"column":3}},{"start":{"line":130,"column":2},"end":{"line":140,"column":3}}],"line":130},"15":{"loc":{"start":{"line":130,"column":6},"end":{"line":130,"column":57}},"type":"binary-expr","locations":[{"start":{"line":130,"column":6},"end":{"line":130,"column":30}},{"start":{"line":130,"column":34},"end":{"line":130,"column":57}}],"line":130},"16":{"loc":{"start":{"line":131,"column":4},"end":{"line":135,"column":5}},"type":"if","locations":[{"start":{"line":131,"column":4},"end":{"line":135,"column":5}},{"start":{"line":131,"column":4},"end":{"line":135,"column":5}}],"line":131},"17":{"loc":{"start":{"line":132,"column":20},"end":{"line":132,"column":41}},"type":"binary-expr","locations":[{"start":{"line":132,"column":20},"end":{"line":132,"column":35}},{"start":{"line":132,"column":39},"end":{"line":132,"column":41}}],"line":132},"18":{"loc":{"start":{"line":134,"column":20},"end":{"line":134,"column":32}},"type":"binary-expr","locations":[{"start":{"line":134,"column":20},"end":{"line":134,"column":26}},{"start":{"line":134,"column":30},"end":{"line":134,"column":32}}],"line":134},"19":{"loc":{"start":{"line":136,"column":9},"end":{"line":140,"column":3}},"type":"if","locations":[{"start":{"line":136,"column":9},"end":{"line":140,"column":3}},{"start":{"line":136,"column":9},"end":{"line":140,"column":3}}],"line":136},"20":{"loc":{"start":{"line":137,"column":20},"end":{"line":137,"column":32}},"type":"binary-expr","locations":[{"start":{"line":137,"column":20},"end":{"line":137,"column":26}},{"start":{"line":137,"column":30},"end":{"line":137,"column":32}}],"line":137},"21":{"loc":{"start":{"line":139,"column":18},"end":{"line":139,"column":30}},"type":"binary-expr","locations":[{"start":{"line":139,"column":18},"end":{"line":139,"column":24}},{"start":{"line":139,"column":28},"end":{"line":139,"column":30}}],"line":139},"22":{"loc":{"start":{"line":152,"column":2},"end":{"line":168,"column":3}},"type":"if","locations":[{"start":{"line":152,"column":2},"end":{"line":168,"column":3}},{"start":{"line":152,"column":2},"end":{"line":168,"column":3}}],"line":152},"23":{"loc":{"start":{"line":166,"column":21},"end":{"line":166,"column":57}},"type":"binary-expr","locations":[{"start":{"line":166,"column":21},"end":{"line":166,"column":36}},{"start":{"line":166,"column":40},"end":{"line":166,"column":51}},{"start":{"line":166,"column":55},"end":{"line":166,"column":57}}],"line":166},"24":{"loc":{"start":{"line":170,"column":21},"end":{"line":170,"column":44}},"type":"binary-expr","locations":[{"start":{"line":170,"column":21},"end":{"line":170,"column":36}},{"start":{"line":170,"column":40},"end":{"line":170,"column":44}}],"line":170},"25":{"loc":{"start":{"line":171,"column":19},"end":{"line":171,"column":40}},"type":"binary-expr","locations":[{"start":{"line":171,"column":19},"end":{"line":171,"column":32}},{"start":{"line":171,"column":36},"end":{"line":171,"column":40}}],"line":171},"26":{"loc":{"start":{"line":185,"column":22},"end":{"line":185,"column":79}},"type":"cond-expr","locations":[{"start":{"line":185,"column":36},"end":{"line":185,"column":72}},{"start":{"line":185,"column":75},"end":{"line":185,"column":79}}],"line":185},"27":{"loc":{"start":{"line":187,"column":4},"end":{"line":193,"column":5}},"type":"if","locations":[{"start":{"line":187,"column":4},"end":{"line":193,"column":5}},{"start":{"line":187,"column":4},"end":{"line":193,"column":5}}],"line":187},"28":{"loc":{"start":{"line":188,"column":13},"end":{"line":188,"column":77}},"type":"cond-expr","locations":[{"start":{"line":188,"column":26},"end":{"line":188,"column":61}},{"start":{"line":188,"column":64},"end":{"line":188,"column":77}}],"line":188},"29":{"loc":{"start":{"line":192,"column":13},"end":{"line":192,"column":53}},"type":"cond-expr","locations":[{"start":{"line":192,"column":24},"end":{"line":192,"column":47}},{"start":{"line":192,"column":50},"end":{"line":192,"column":53}}],"line":192},"30":{"loc":{"start":{"line":206,"column":4},"end":{"line":206,"column":31}},"type":"binary-expr","locations":[{"start":{"line":206,"column":4},"end":{"line":206,"column":13}},{"start":{"line":206,"column":17},"end":{"line":206,"column":31}}],"line":206},"31":{"loc":{"start":{"line":207,"column":11},"end":{"line":207,"column":41}},"type":"cond-expr","locations":[{"start":{"line":207,"column":22},"end":{"line":207,"column":35}},{"start":{"line":207,"column":38},"end":{"line":207,"column":41}}],"line":207}},"s":{"0":1,"1":1,"2":1,"3":5,"4":5,"5":5,"6":0,"7":1,"8":4,"9":0,"10":1,"11":1,"12":1,"13":5,"14":0,"15":5,"16":5,"17":5,"18":5,"19":1,"20":5,"21":4,"22":1,"23":1,"24":1,"25":0,"26":0,"27":0,"28":0,"29":5,"30":5,"31":1,"32":1,"33":4,"34":5,"35":2,"36":1,"37":1,"38":3,"39":3,"40":0,"41":5,"42":5,"43":5,"44":5,"45":0,"46":0,"47":5,"48":5,"49":5,"50":4,"51":4,"52":3,"53":1,"54":1,"55":0,"56":0},"f":{"0":5,"1":0,"2":4,"3":0,"4":1,"5":5,"6":0,"7":1,"8":4,"9":0},"b":{"0":[5,0],"1":[0,5],"2":[5,2],"3":[5,3],"4":[5,0],"5":[5,5],"6":[1,4],"7":[4,1],"8":[4,3],"9":[1,0],"10":[1,0],"11":[5,0],"12":[5,5],"13":[1,4],"14":[2,3],"15":[5,3],"16":[1,1],"17":[1,0],"18":[1,0],"19":[3,0],"20":[3,0],"21":[0,0],"22":[5,0],"23":[0,0,0],"24":[5,1],"25":[5,4],"26":[4,0],"27":[3,1],"28":[3,0],"29":[1,0],"30":[0,0],"31":[0,0]},"_coverageSchema":"332fd63041d2c1bcb487cc26dd0d5f7d97098a6c","hash":"6cec781d1f9f8eec5fb9601ea677f0a09a9f01c3"}
,"D:\\wz\\fire-leaf-one\\axhr\\src\\utils.js": {"path":"D:\\wz\\fire-leaf-one\\axhr\\src\\utils.js","statementMap":{"0":{"start":{"line":35,"column":24},"end":{"line":35,"column":88}},"1":{"start":{"line":35,"column":31},"end":{"line":35,"column":88}},"2":{"start":{"line":36,"column":23},"end":{"line":36,"column":48}},"3":{"start":{"line":36,"column":30},"end":{"line":36,"column":48}},"4":{"start":{"line":39,"column":17},"end":{"line":39,"column":23}},"5":{"start":{"line":40,"column":2},"end":{"line":51,"column":3}},"6":{"start":{"line":41,"column":4},"end":{"line":41,"column":43}},"7":{"start":{"line":42,"column":4},"end":{"line":48,"column":17}},"8":{"start":{"line":43,"column":18},"end":{"line":43,"column":31}},"9":{"start":{"line":44,"column":6},"end":{"line":46,"column":7}},"10":{"start":{"line":45,"column":8},"end":{"line":45,"column":38}},"11":{"start":{"line":47,"column":6},"end":{"line":47,"column":71}},"12":{"start":{"line":50,"column":4},"end":{"line":50,"column":52}},"13":{"start":{"line":52,"column":2},"end":{"line":52,"column":18}}},"fnMap":{"0":{"name":"(anonymous_0)","decl":{"start":{"line":35,"column":24},"end":{"line":35,"column":25}},"loc":{"start":{"line":35,"column":31},"end":{"line":35,"column":88}},"line":35},"1":{"name":"(anonymous_1)","decl":{"start":{"line":36,"column":23},"end":{"line":36,"column":24}},"loc":{"start":{"line":36,"column":30},"end":{"line":36,"column":48}},"line":36},"2":{"name":"setData","decl":{"start":{"line":38,"column":16},"end":{"line":38,"column":23}},"loc":{"start":{"line":38,"column":33},"end":{"line":53,"column":1}},"line":38},"3":{"name":"(anonymous_3)","decl":{"start":{"line":42,"column":41},"end":{"line":42,"column":42}},"loc":{"start":{"line":42,"column":48},"end":{"line":48,"column":5}},"line":42}},"branchMap":{"0":{"loc":{"start":{"line":40,"column":2},"end":{"line":51,"column":3}},"type":"if","locations":[{"start":{"line":40,"column":2},"end":{"line":51,"column":3}},{"start":{"line":40,"column":2},"end":{"line":51,"column":3}}],"line":40},"1":{"loc":{"start":{"line":44,"column":6},"end":{"line":46,"column":7}},"type":"if","locations":[{"start":{"line":44,"column":6},"end":{"line":46,"column":7}},{"start":{"line":44,"column":6},"end":{"line":46,"column":7}}],"line":44},"2":{"loc":{"start":{"line":44,"column":10},"end":{"line":44,"column":43}},"type":"binary-expr","locations":[{"start":{"line":44,"column":10},"end":{"line":44,"column":24}},{"start":{"line":44,"column":28},"end":{"line":44,"column":43}}],"line":44}},"s":{"0":2,"1":18,"2":2,"3":8,"4":6,"5":6,"6":6,"7":6,"8":7,"9":7,"10":2,"11":7,"12":0,"13":6},"f":{"0":18,"1":8,"2":6,"3":7},"b":{"0":[6,0],"1":[2,5],"2":[7,6]},"_coverageSchema":"332fd63041d2c1bcb487cc26dd0d5f7d97098a6c","hash":"b4361d24b314b2852fd6a0b996f62890666de914"}
}
