TN:
SF:D:\wz\fire-leaf-one\axhr\src\index.js
FN:38,(anonymous_0)
FN:43,(anonymous_1)
FN:48,(anonymous_2)
FN:50,(anonymous_3)
FN:73,(anonymous_4)
FN:78,xhr
FN:105,(anonymous_6)
FN:121,(anonymous_7)
FN:173,(anonymous_8)
FN:194,(anonymous_9)
FNF:10
FNH:6
FNDA:5,(anonymous_0)
FNDA:0,(anonymous_1)
FNDA:4,(anonymous_2)
FNDA:0,(anonymous_3)
FNDA:1,(anonymous_4)
FNDA:5,xhr
FNDA:0,(anonymous_6)
FNDA:1,(anonymous_7)
FNDA:4,(anonymous_8)
FNDA:0,(anonymous_9)
DA:34,1
DA:35,1
DA:38,1
DA:39,5
DA:40,5
DA:42,5
DA:44,0
DA:48,1
DA:49,4
DA:51,0
DA:73,1
DA:74,1
DA:75,1
DA:79,5
DA:81,5
DA:88,5
DA:91,5
DA:94,5
DA:95,1
DA:98,5
DA:99,4
DA:100,1
DA:101,1
DA:102,1
DA:104,0
DA:105,0
DA:106,0
DA:108,0
DA:119,5
DA:120,5
DA:121,1
DA:122,1
DA:125,4
DA:130,5
DA:131,2
DA:132,1
DA:134,1
DA:136,3
DA:137,3
DA:139,0
DA:152,5
DA:153,5
DA:155,5
DA:156,5
DA:166,0
DA:167,0
DA:170,5
DA:171,5
DA:173,5
DA:185,4
DA:187,4
DA:188,3
DA:190,1
DA:192,1
DA:206,0
DA:207,0
LF:56
LH:45
BRDA:39,0,0,5
BRDA:39,0,1,0
BRDA:79,1,0,0
BRDA:79,1,1,5
BRDA:82,2,0,5
BRDA:82,2,1,2
BRDA:88,3,0,5
BRDA:88,3,1,3
BRDA:91,4,0,5
BRDA:91,4,1,0
BRDA:91,5,0,5
BRDA:91,5,1,5
BRDA:94,6,0,1
BRDA:94,6,1,4
BRDA:98,7,0,4
BRDA:98,7,1,1
BRDA:99,8,0,4
BRDA:99,8,1,3
BRDA:100,9,0,1
BRDA:100,9,1,0
BRDA:101,10,0,1
BRDA:101,10,1,0
BRDA:119,11,0,5
BRDA:119,11,1,0
BRDA:119,12,0,5
BRDA:119,12,1,5
BRDA:120,13,0,1
BRDA:120,13,1,4
BRDA:130,14,0,2
BRDA:130,14,1,3
BRDA:130,15,0,5
BRDA:130,15,1,3
BRDA:131,16,0,1
BRDA:131,16,1,1
BRDA:132,17,0,1
BRDA:132,17,1,0
BRDA:134,18,0,1
BRDA:134,18,1,0
BRDA:136,19,0,3
BRDA:136,19,1,0
BRDA:137,20,0,3
BRDA:137,20,1,0
BRDA:139,21,0,0
BRDA:139,21,1,0
BRDA:152,22,0,5
BRDA:152,22,1,0
BRDA:166,23,0,0
BRDA:166,23,1,0
BRDA:166,23,2,0
BRDA:170,24,0,5
BRDA:170,24,1,1
BRDA:171,25,0,5
BRDA:171,25,1,4
BRDA:185,26,0,4
BRDA:185,26,1,0
BRDA:187,27,0,3
BRDA:187,27,1,1
BRDA:188,28,0,3
BRDA:188,28,1,0
BRDA:192,29,0,1
BRDA:192,29,1,0
BRDA:206,30,0,0
BRDA:206,30,1,0
BRDA:207,31,0,0
BRDA:207,31,1,0
BRF:65
BRH:42
end_of_record
TN:
SF:D:\wz\fire-leaf-one\axhr\src\utils.js
FN:35,(anonymous_0)
FN:36,(anonymous_1)
FN:38,setData
FN:42,(anonymous_3)
FNF:4
FNH:4
FNDA:18,(anonymous_0)
FNDA:8,(anonymous_1)
FNDA:6,setData
FNDA:7,(anonymous_3)
DA:35,18
DA:36,8
DA:39,6
DA:40,6
DA:41,6
DA:42,6
DA:43,7
DA:44,7
DA:45,2
DA:47,7
DA:50,0
DA:52,6
LF:12
LH:11
BRDA:40,0,0,6
BRDA:40,0,1,0
BRDA:44,1,0,2
BRDA:44,1,1,5
BRDA:44,2,0,7
BRDA:44,2,1,6
BRF:6
BRH:5
end_of_record
